<?xml version="1.0" encoding="UTF-8"?>
<!-- Generated by org.testng.reporters.JUnitReportReporter -->
<testsuite hostname="Mypc" name="driverScripts.Hybrid" tests="1" failures="0" timestamp="31 May 2017 16:55:49 GMT" time="92.606" errors="0">
  <testcase name="test" time="92.606" classname="driverScripts.Hybrid"/>
</testsuite> <!-- driverScripts.Hybrid -->
