<?xml version="1.0" encoding="UTF-8"?>
<!-- Generated by org.testng.reporters.JUnitReportReporter -->
<testsuite hostname="Mypc" name="testNG.SampleTest" tests="3" failures="0" timestamp="30 May 2017 16:51:49 GMT" time="37.704" errors="0">
  <testcase name="x" time="18.588" classname="testNG.SampleTest"/>
  <testcase name="x" time="8.314" classname="testNG.SampleTest"/>
  <testcase name="x" time="10.802" classname="testNG.SampleTest"/>
</testsuite> <!-- testNG.SampleTest -->
