<?xml version="1.0" encoding="UTF-8"?>
<!-- Generated by org.testng.reporters.JUnitReportReporter -->
<testsuite hostname="Mypc" name="testNG.EmpregTest" tests="3" failures="0" timestamp="30 May 2017 16:42:24 GMT" time="20.034" errors="0">
  <testcase name="empreg" time="5.947" classname="testNG.EmpregTest"/>
  <testcase name="empreg" time="6.629" classname="testNG.EmpregTest"/>
  <testcase name="empreg" time="7.458" classname="testNG.EmpregTest"/>
</testsuite> <!-- testNG.EmpregTest -->
