<?xml version="1.0" encoding="UTF-8"?>
<!-- Generated by org.testng.reporters.JUnitReportReporter -->
<testsuite hostname="Mypc" name="pom.LoginTest" tests="1" failures="0" timestamp="1 Jun 2017 16:38:28 GMT" time="12.609" errors="0">
  <testcase name="test" time="12.609" classname="pom.LoginTest"/>
</testsuite> <!-- pom.LoginTest -->
