<?xml version="1.0" encoding="UTF-8"?>
<!-- Generated by org.testng.reporters.JUnitReportReporter -->
<testsuite hostname="Mypc" name="testNG.UserregTest" tests="1" failures="0" timestamp="30 May 2017 16:32:32 GMT" time="9.971" errors="0">
  <testcase name="user_reg" time="9.971" classname="testNG.UserregTest"/>
</testsuite> <!-- testNG.UserregTest -->
