<?xml version="1.0" encoding="UTF-8"?>
<!-- Generated by org.testng.reporters.JUnitReportReporter -->
<testsuite hostname="Mypc" name="testNG.BasicAnnotationsEg" tests="3" failures="0" timestamp="29 May 2017 16:40:58 GMT" time="0.075" errors="0">
  <testcase name="function2" time="0.010" classname="testNG.BasicAnnotationsEg"/>
  <testcase name="function1" time="0.030" classname="testNG.BasicAnnotationsEg"/>
  <testcase name="a" time="0.035" classname="testNG.BasicAnnotationsEg"/>
</testsuite> <!-- testNG.BasicAnnotationsEg -->
