<?xml version="1.0" encoding="UTF-8"?>
<!-- Generated by org.testng.reporters.JUnitReportReporter -->
<testsuite hostname="Mypc" name="driverScripts.Keyword" tests="1" failures="0" timestamp="31 May 2017 16:45:06 GMT" time="144.848" errors="0">
  <testcase name="test" time="144.848" classname="driverScripts.Keyword"/>
</testsuite> <!-- driverScripts.Keyword -->
