<?xml version="1.0" encoding="UTF-8"?>
<!-- Generated by org.testng.reporters.JUnitReportReporter -->
<testsuite hostname="Mypc" name="testNG.Primus_Login" tests="1" failures="0" timestamp="29 May 2017 16:52:07 GMT" time="6.649" errors="0">
  <testcase name="app_Login" time="6.649" classname="testNG.Primus_Login"/>
</testsuite> <!-- testNG.Primus_Login -->
